<?xml version="1.0" encoding="UTF-8"?>
<!-- Generated by org.testng.reporters.JUnitXMLReporter -->
<testsuite ignored="3" hostname="Gopika" failures="0" tests="1" name="Test" time="12.031" errors="0" timestamp="2025-11-18T08:18:51 IST">
  <testcase classname="testscript.NewsTest" name="addnews" time="3.427"/>
  <testcase classname="testscript.NewsTest" name="home" time="0.0">
    <ignored/>
  </testcase> <!-- home -->
  <testcase classname="testscript.NewsTest" name="reset" time="0.0">
    <ignored/>
  </testcase> <!-- reset -->
  <testcase classname="testscript.NewsTest" name="searchNews" time="0.0">
    <ignored/>
  </testcase> <!-- searchNews -->
</testsuite> <!-- Test -->
