<?xml version="1.0" encoding="UTF-8"?>
<!-- Generated by org.testng.reporters.JUnitReportReporter -->
<testsuite hostname="Gopika" failures="0" tests="8" name="testscript.Logintest" time="33.790" errors="0" timestamp="2025-11-19T07:41:28 IST" skipped="0">
  <testcase classname="testscript.Logintest" name="verifyLoginwithValidCredentials" time="6.262"/>
  <testcase classname="testscript.Logintest" name="verifyLoginwithValidCredentials" time="2.375"/>
  <testcase classname="testscript.Logintest" name="verifyValidUsernameInvalidPassword" time="6.028"/>
  <testcase classname="testscript.Logintest" name="verifyValidUsernameInvalidPassword" time="1.944"/>
  <testcase classname="testscript.Logintest" name="verfiyInvalidusernamevalidPassword" time="1.916"/>
  <testcase classname="testscript.Logintest" name="verfiyInvalidusernamevalidPassword" time="7.430"/>
  <testcase classname="testscript.Logintest" name="verifyInvalidusernameInvalidpassword" time="5.850"/>
  <testcase classname="testscript.Logintest" name="verifyInvalidusernameInvalidpassword" time="1.985"/>
</testsuite> <!-- testscript.Logintest -->
