<?xml version="1.0" encoding="UTF-8"?>
<!-- Generated by org.testng.reporters.JUnitReportReporter -->
<testsuite hostname="Gopika" failures="0" tests="4" name="testscript.Logintest" time="9.231" errors="0" timestamp="2025-11-04T08:29:06 IST" skipped="0">
  <testcase classname="testscript.Logintest" name="verifyLoginwithValidCredentials" time="3.607"/>
  <testcase classname="testscript.Logintest" name="verifyValidUsernameInvalidPassword" time="1.861"/>
  <testcase classname="testscript.Logintest" name="verfiyInvalidusernamevalidPassword" time="1.905"/>
  <testcase classname="testscript.Logintest" name="verifyInvalidusernameInvalidpassword" time="1.858"/>
</testsuite> <!-- testscript.Logintest -->
