<?xml version="1.0" encoding="UTF-8"?>
<!-- Generated by org.testng.reporters.JUnitXMLReporter -->
<testsuite ignored="0" hostname="Gopika" failures="2" tests="10" name="ChromeTest" time="31.235" errors="0" timestamp="2025-11-19T07:39:52 IST">
  <testcase classname="testscript.HomeTest" name="verifyLoginwithValidCredentials" time="2.417"/>
  <testcase classname="testscript.AdminTest" name="createAdmin" time="2.473"/>
  <testcase classname="testscript.NewsTest" name="addnews" time="1.703"/>
  <testcase classname="testscript.NewsTest" name="searchNews" time="1.385">
    <failure type="java.lang.AssertionError" message="expected [https://groceryapp.uniqassosiates.com/admin/news/index] but found [https://groceryapp.uniqassosiates.com/admin/list-news]">
      <![CDATA[java.lang.AssertionError: expected [https://groceryapp.uniqassosiates.com/admin/news/index] but found [https://groceryapp.uniqassosiates.com/admin/list-news]
at testscript.NewsTest.searchNews(NewsTest.java:94)
at java.base/java.util.ArrayList.forEach(ArrayList.java:1596)
... Removed 31 stack frames]]>
    </failure>
  </testcase> <!-- searchNews -->
  <testcase classname="testscript.NewsTest" name="home" time="1.269"/>
  <testcase classname="testscript.NewsTest" name="reset" time="1.263">
    <failure type="java.lang.AssertionError" message="Failed reset expected [https://groceryapp.uniqassosiates.com/admin/home] but found [https://groceryapp.uniqassosiates.com/admin/list-news]">
      <![CDATA[java.lang.AssertionError: Failed reset expected [https://groceryapp.uniqassosiates.com/admin/home] but found [https://groceryapp.uniqassosiates.com/admin/list-news]
at testscript.NewsTest.reset(NewsTest.java:158)
at java.base/java.util.ArrayList.forEach(ArrayList.java:1596)
... Removed 30 stack frames]]>
    </failure>
  </testcase> <!-- reset -->
  <testcase classname="testscript.Logintest" name="verifyLoginwithValidCredentials" time="0.655"/>
  <testcase classname="testscript.Logintest" name="verifyValidUsernameInvalidPassword" time="0.382"/>
  <testcase classname="testscript.Logintest" name="verfiyInvalidusernamevalidPassword" time="0.371"/>
  <testcase classname="testscript.Logintest" name="verifyInvalidusernameInvalidpassword" time="0.476"/>
</testsuite> <!-- ChromeTest -->
