<?xml version="1.0" encoding="UTF-8"?>
<!-- Generated by org.testng.reporters.JUnitXMLReporter -->
<testsuite ignored="0" hostname="Gopika" failures="1" tests="10" name="FirefoxTest" time="95.755" errors="0" timestamp="2025-11-19T07:41:28 IST">
  <testcase classname="testscript.HomeTest" name="verifyLoginwithValidCredentials" time="1.195"/>
  <testcase classname="testscript.AdminTest" name="createAdmin" time="1.819"/>
  <testcase classname="testscript.NewsTest" name="addnews" time="1.491"/>
  <testcase classname="testscript.NewsTest" name="searchNews" time="1.278"/>
  <testcase classname="testscript.NewsTest" name="home" time="1.091"/>
  <testcase classname="testscript.NewsTest" name="reset" time="1.059">
    <failure type="java.lang.AssertionError" message="Failed reset expected [https://groceryapp.uniqassosiates.com/admin/home] but found [https://groceryapp.uniqassosiates.com/admin/list-news]">
      <![CDATA[java.lang.AssertionError: Failed reset expected [https://groceryapp.uniqassosiates.com/admin/home] but found [https://groceryapp.uniqassosiates.com/admin/list-news]
at testscript.NewsTest.reset(NewsTest.java:158)
at java.base/java.util.ArrayList.forEach(ArrayList.java:1596)
... Removed 30 stack frames]]>
    </failure>
  </testcase> <!-- reset -->
  <testcase classname="testscript.Logintest" name="verifyLoginwithValidCredentials" time="0.498"/>
  <testcase classname="testscript.Logintest" name="verifyValidUsernameInvalidPassword" time="0.296"/>
  <testcase classname="testscript.Logintest" name="verfiyInvalidusernamevalidPassword" time="0.383"/>
  <testcase classname="testscript.Logintest" name="verifyInvalidusernameInvalidpassword" time="0.251"/>
</testsuite> <!-- FirefoxTest -->
