<?xml version="1.0" encoding="UTF-8"?>
<!-- Generated by org.testng.reporters.JUnitXMLReporter -->
<testsuite ignored="0" hostname="Gopika" failures="2" tests="12" name="Test" time="53.38" errors="0" timestamp="2025-11-17T07:46:47 IST">
  <testcase classname="testscript.HomeTest" name="verifyLoginwithValidCredentials" time="2.154"/>
  <testcase classname="testscript.AdminTest" name="createAdmin" time="2.79"/>
  <testcase classname="testscript.NewsTest" name="addnews" time="1.891"/>
  <testcase classname="testscript.NewsTest" name="searchNews" time="1.549"/>
  <testcase classname="testscript.NewsTest" name="home" time="1.338"/>
  <testcase classname="testscript.NewsTest" name="reset" time="1.293">
    <failure type="java.lang.AssertionError" message="expected [https://groceryapp.uniqassosiates.com/admin/home] but found [https://groceryapp.uniqassosiates.com/admin/list-news]">
      <![CDATA[java.lang.AssertionError: expected [https://groceryapp.uniqassosiates.com/admin/home] but found [https://groceryapp.uniqassosiates.com/admin/list-news]
at testscript.NewsTest.reset(NewsTest.java:157)
at java.base/java.util.ArrayList.forEach(ArrayList.java:1596)
... Removed 31 stack frames]]>
    </failure>
  </testcase> <!-- reset -->
  <testcase classname="testscript.Logintest" name="verifyLoginwithValidCredentials" time="0.388">
    <skipped/>
  </testcase> <!-- verifyLoginwithValidCredentials -->
  <testcase classname="testscript.Logintest" name="verifyLoginwithValidCredentials" time="0.401">
    <skipped/>
  </testcase> <!-- verifyLoginwithValidCredentials -->
  <testcase classname="testscript.Logintest" name="verifyLoginwithValidCredentials" time="0.389">
    <failure type="java.lang.AssertionError" message="Login with valid credentials are failed expected [https://groceryapp.uniqassosiates.com/admin] but found [https://groceryapp.uniqassosiates.com/admin/login]">
      <![CDATA[java.lang.AssertionError: Login with valid credentials are failed expected [https://groceryapp.uniqassosiates.com/admin] but found [https://groceryapp.uniqassosiates.com/admin/login]
at testscript.Logintest.verifyLoginwithValidCredentials(Logintest.java:43)
at java.base/java.util.ArrayList.forEach(ArrayList.java:1596)
... Removed 30 stack frames]]>
    </failure>
  </testcase> <!-- verifyLoginwithValidCredentials -->
  <testcase classname="testscript.Logintest" name="verifyValidUsernameInvalidPassword" time="0.408"/>
  <testcase classname="testscript.Logintest" name="verfiyInvalidusernamevalidPassword" time="0.389"/>
  <testcase classname="testscript.Logintest" name="verifyInvalidusernameInvalidpassword" time="0.408"/>
</testsuite> <!-- Test -->
