<?xml version="1.0" encoding="UTF-8"?>
<testng-results ignored="0" total="1" passed="1" failed="0" skipped="0">
  <reporter-output>
  </reporter-output>
  <suite started-at="2025-11-06T08:23:33 IST" name="Default suite" finished-at="2025-11-06T08:23:37 IST" duration-ms="4517">
    <groups>
    </groups>
    <test started-at="2025-11-06T08:23:33 IST" name="Default test" finished-at="2025-11-06T08:23:37 IST" duration-ms="4517">
      <class name="testscript.AdminTest">
        <test-method is-config="true" signature="initializeBrowser()[pri:0, instance:testscript.AdminTest@7cc0cdad]" started-at="2025-11-06T08:23:33 IST" name="initializeBrowser" finished-at="2025-11-06T08:23:35 IST" duration-ms="2455" status="PASS">
          <reporter-output>
          </reporter-output>
        </test-method> <!-- initializeBrowser -->
        <test-method signature="createAdmin()[pri:1, instance:testscript.AdminTest@7cc0cdad]" started-at="2025-11-06T08:23:35 IST" name="createAdmin" description="to create an admin" finished-at="2025-11-06T08:23:37 IST" duration-ms="2010" status="PASS">
          <reporter-output>
          </reporter-output>
        </test-method> <!-- createAdmin -->
        <test-method is-config="true" signature="closeBrowser()[pri:0, instance:testscript.AdminTest@7cc0cdad]" started-at="2025-11-06T08:23:37 IST" name="closeBrowser" finished-at="2025-11-06T08:23:37 IST" duration-ms="1" status="PASS">
          <reporter-output>
          </reporter-output>
        </test-method> <!-- closeBrowser -->
      </class> <!-- testscript.AdminTest -->
    </test> <!-- Default test -->
  </suite> <!-- Default suite -->
</testng-results>
