<?xml version="1.0" encoding="UTF-8"?>
<testng-results ignored="0" total="1" passed="1" failed="0" skipped="0">
  <reporter-output>
  </reporter-output>
  <suite started-at="2025-11-18T08:18:39 IST" name="Grouping" finished-at="2025-11-18T08:18:51 IST" duration-ms="12031">
    <groups>
      <group name="smoke">
        <method signature="NewsTest.addnews()[pri:1, instance:testscript.NewsTest@d23e042]" name="addnews" class="testscript.NewsTest"/>
      </group> <!-- smoke -->
    </groups>
    <test started-at="2025-11-18T08:18:39 IST" name="Test" finished-at="2025-11-18T08:18:51 IST" duration-ms="12031">
      <class name="testscript.NewsTest">
        <test-method is-config="true" signature="initializeBrowser()[pri:0, instance:testscript.NewsTest@d23e042]" started-at="2025-11-18T08:18:39 IST" name="initializeBrowser" finished-at="2025-11-18T08:18:47 IST" duration-ms="8205" status="PASS">
          <reporter-output>
          </reporter-output>
        </test-method> <!-- initializeBrowser -->
        <test-method signature="addnews()[pri:1, instance:testscript.NewsTest@d23e042]" started-at="2025-11-18T08:18:47 IST" name="addnews" description="adding news in manage news" finished-at="2025-11-18T08:18:51 IST" duration-ms="3427" status="PASS">
          <reporter-output>
          </reporter-output>
        </test-method> <!-- addnews -->
        <test-method is-config="true" signature="driverQuit(org.testng.ITestResult)[pri:0, instance:testscript.NewsTest@d23e042]" started-at="2025-11-18T08:18:51 IST" name="driverQuit" finished-at="2025-11-18T08:18:51 IST" duration-ms="331" status="PASS">
          <params>
            <param index="0">
              <value>
                <![CDATA[[TestResult name=addnews status=SUCCESS method=NewsTest.addnews()[pri:1, instance:testscript.NewsTest@d23e042] output={null}]]]>
              </value>
            </param>
          </params>
          <reporter-output>
          </reporter-output>
        </test-method> <!-- driverQuit -->
      </class> <!-- testscript.NewsTest -->
    </test> <!-- Test -->
  </suite> <!-- Grouping -->
</testng-results>
