<?xml version="1.0" encoding="UTF-8"?>
<!-- Generated by org.testng.reporters.JUnitXMLReporter -->
<testsuite ignored="3" hostname="Gopika" failures="0" tests="1" name="Default test" time="4.37" errors="0" timestamp="2025-11-07T07:56:34 IST">
  <testcase classname="testscript.Logintest" name="verifyLoginwithValidCredentials" time="1.478"/>
  <testcase classname="testscript.Logintest" name="verifyValidUsernameInvalidPassword" time="0.0">
    <ignored/>
  </testcase> <!-- verifyValidUsernameInvalidPassword -->
  <testcase classname="testscript.Logintest" name="verfiyInvalidusernamevalidPassword" time="0.0">
    <ignored/>
  </testcase> <!-- verfiyInvalidusernamevalidPassword -->
  <testcase classname="testscript.Logintest" name="verifyInvalidusernameInvalidpassword" time="0.0">
    <ignored/>
  </testcase> <!-- verifyInvalidusernameInvalidpassword -->
</testsuite> <!-- Default test -->
